<?xml version="1.0" encoding="UTF-8"?>
<!-- Generated by org.testng.reporters.JUnitReportReporter -->
<testsuite hostname="XOR-BSA-39" failures="0" tests="3" name="TestNGPractice.Login_Page_Test" time="11.226" errors="0" timestamp="2022-11-15T22:56:17 IST" skipped="0">
  <testcase classname="TestNGPractice.Login_Page_Test" name="verifyUser" time="0.023"/>
  <system-out/>
  <testcase classname="TestNGPractice.Login_Page_Test" name="login" time="0.732"/>
  <system-out/>
  <testcase classname="TestNGPractice.Login_Page_Test" name="logout" time="10.471"/>
  <system-out/>
</testsuite> <!-- TestNGPractice.Login_Page_Test -->
