<?xml version="1.0" encoding="UTF-8"?>
<!-- Generated by org.testng.reporters.JUnitReportReporter -->
<testsuite hostname="XOR-BSA-39" failures="0" tests="3" name="TestNGPractice.PriorityAttribute" time="0.009" errors="0" timestamp="2022-11-09T22:59:08 IST" skipped="0">
  <testcase classname="TestNGPractice.PriorityAttribute" name="cloginTest" time="0.007"/>
  <system-out/>
  <testcase classname="TestNGPractice.PriorityAttribute" name="bregisterTest" time="0.001"/>
  <system-out/>
  <testcase classname="TestNGPractice.PriorityAttribute" name="alogoutTest" time="0.001"/>
  <system-out/>
</testsuite> <!-- TestNGPractice.PriorityAttribute -->
