<?xml version="1.0" encoding="UTF-8"?>
<!-- Generated by org.testng.reporters.JUnitReportReporter -->
<testsuite hostname="Priyal-VA" failures="0" tests="3" name="TestNGPractice.PriorityAttribute" time="0.012" errors="0" timestamp="2022-11-09T22:06:07 IST" skipped="0">
  <testcase classname="TestNGPractice.PriorityAttribute" name="cloginTest" time="0.011"/>
  <system-out/>
  <testcase classname="TestNGPractice.PriorityAttribute" name="bregisterTest" time="0.000"/>
  <system-out/>
  <testcase classname="TestNGPractice.PriorityAttribute" name="alogoutTest" time="0.001"/>
  <system-out/>
</testsuite> <!-- TestNGPractice.PriorityAttribute -->
